HBuilder-Hello/app/build/outputs/logs/manifest-merger-debug-report.txt
-- Merging decision tree log ---
manifest
ADDED from src\main\AndroidManifest.xml:1:1-529:12
	xmlns:android
		ADDED from src\main\AndroidManifest.xml:1:11-69
	package
		ADDED from src\main\AndroidManifest.xml:2:5-39
		INJECTED from src\main\AndroidManifest.xml
		INJECTED from src\main\AndroidManifest.xml
	android:versionName
		ADDED from src\main\AndroidManifest.xml:4:5-32
	android:versionCode
		ADDED from src\main\AndroidManifest.xml:3:5-30
		INJECTED from src\main\AndroidManifest.xml
		INJECTED from src\main\AndroidManifest.xml
supports-screens
ADDED from src\main\AndroidManifest.xml:6:5-11:39
	android:resizeable
		ADDED from src\main\AndroidManifest.xml:10:9-34
	android:largeScreens
		ADDED from src\main\AndroidManifest.xml:8:9-36
	android:anyDensity
		ADDED from src\main\AndroidManifest.xml:7:9-34
	android:normalScreens
		ADDED from src\main\AndroidManifest.xml:9:9-37
	android:smallScreens
		ADDED from src\main\AndroidManifest.xml:11:9-36
uses-sdk
ADDED from src\main\AndroidManifest.xml:13:5-43
	android:targetSdkVersion
		INJECTED from src\main\AndroidManifest.xml
		INJECTED from src\main\AndroidManifest.xml
	android:minSdkVersion
		ADDED from src\main\AndroidManifest.xml:13:15-40
		INJECTED from src\main\AndroidManifest.xml
		INJECTED from src\main\AndroidManifest.xml
uses-permission#android.permission.INTERNET
ADDED from src\main\AndroidManifest.xml:16:5-67
	android:name
		ADDED from src\main\AndroidManifest.xml:16:22-64
uses-permission#android.permission.WRITE_EXTERNAL_STORAGE
ADDED from src\main\AndroidManifest.xml:18:5-81
	android:name
		ADDED from src\main\AndroidManifest.xml:18:22-78
uses-permission#android.permission.RECORD_AUDIO
ADDED from src\main\AndroidManifest.xml:24:5-71
	android:name
		ADDED from src\main\AndroidManifest.xml:24:22-68
uses-permission#android.permission.MODIFY_AUDIO_SETTINGS
ADDED from src\main\AndroidManifest.xml:26:5-80
	android:name
		ADDED from src\main\AndroidManifest.xml:26:22-77
uses-permission#android.permission.CAMERA
ADDED from src\main\AndroidManifest.xml:32:5-65
	android:name
		ADDED from src\main\AndroidManifest.xml:32:22-62
uses-feature#android.hardware.camera
ADDED from src\main\AndroidManifest.xml:34:5-60
	android:name
		ADDED from src\main\AndroidManifest.xml:34:19-57
uses-permission#android.permission.GET_ACCOUNTS
ADDED from src\main\AndroidManifest.xml:40:5-71
	android:name
		ADDED from src\main\AndroidManifest.xml:40:22-68
uses-permission#android.permission.WRITE_CONTACTS
ADDED from src\main\AndroidManifest.xml:41:5-73
	android:name
		ADDED from src\main\AndroidManifest.xml:41:22-70
uses-permission#android.permission.READ_CONTACTS
ADDED from src\main\AndroidManifest.xml:42:5-72
	android:name
		ADDED from src\main\AndroidManifest.xml:42:22-69
uses-permission#android.permission.WAKE_LOCK
ADDED from src\main\AndroidManifest.xml:48:5-68
	android:name
		ADDED from src\main\AndroidManifest.xml:48:22-65
uses-permission#android.permission.VIBRATE
ADDED from src\main\AndroidManifest.xml:50:5-66
	android:name
		ADDED from src\main\AndroidManifest.xml:50:22-63
uses-permission#android.permission.CALL_PHONE
ADDED from src\main\AndroidManifest.xml:52:5-69
	android:name
		ADDED from src\main\AndroidManifest.xml:52:22-66
uses-permission#android.permission.ACCESS_WIFI_STATE
ADDED from src\main\AndroidManifest.xml:54:5-76
	android:name
		ADDED from src\main\AndroidManifest.xml:54:22-73
uses-permission#android.permission.ACCESS_NETWORK_STATE
ADDED from src\main\AndroidManifest.xml:55:5-79
	android:name
		ADDED from src\main\AndroidManifest.xml:55:22-76
uses-permission#android.permission.READ_PHONE_STATE
ADDED from src\main\AndroidManifest.xml:57:5-75
	android:name
		ADDED from src\main\AndroidManifest.xml:57:22-72
uses-permission#android.permission.SEND_SMS
ADDED from src\main\AndroidManifest.xml:66:5-67
	android:name
		ADDED from src\main\AndroidManifest.xml:66:22-64
uses-permission#android.permission.WRITE_SMS
ADDED from src\main\AndroidManifest.xml:67:5-68
	android:name
		ADDED from src\main\AndroidManifest.xml:67:22-65
uses-permission#android.permission.READ_SMS
ADDED from src\main\AndroidManifest.xml:68:5-67
	android:name
		ADDED from src\main\AndroidManifest.xml:68:22-64
uses-permission#com.android.launcher.permission.INSTALL_SHORTCUT
ADDED from src\main\AndroidManifest.xml:76:5-88
	android:name
		ADDED from src\main\AndroidManifest.xml:76:22-85
uses-permission#com.android.launcher.permission.UNINSTALL_SHORTCUT
ADDED from src\main\AndroidManifest.xml:77:5-90
	android:name
		ADDED from src\main\AndroidManifest.xml:77:22-87
uses-feature#android.hardware.camera.autofocus
ADDED from src\main\AndroidManifest.xml:86:5-70
	android:name
		ADDED from src\main\AndroidManifest.xml:86:19-67
uses-permission#android.permission.FLASHLIGHT
ADDED from src\main\AndroidManifest.xml:89:5-69
	android:name
		ADDED from src\main\AndroidManifest.xml:89:22-66
uses-permission#android.permission.ACCESS_COARSE_LOCATION
ADDED from src\main\AndroidManifest.xml:97:5-81
	android:name
		ADDED from src\main\AndroidManifest.xml:97:22-78
uses-permission#android.permission.ACCESS_FINE_LOCATION
ADDED from src\main\AndroidManifest.xml:98:5-79
	android:name
		ADDED from src\main\AndroidManifest.xml:98:22-76
uses-permission#android.permission.WRITE_SETTINGS
ADDED from src\main\AndroidManifest.xml:99:5-73
	android:name
		ADDED from src\main\AndroidManifest.xml:99:22-70
uses-permission#android.permission.CHANGE_WIFI_STATE
ADDED from src\main\AndroidManifest.xml:101:5-76
	android:name
		ADDED from src\main\AndroidManifest.xml:101:22-73
uses-permission#android.permission.MOUNT_UNMOUNT_FILESYSTEMS
ADDED from src\main\AndroidManifest.xml:103:5-84
	android:name
		ADDED from src\main\AndroidManifest.xml:103:22-81
uses-permission#android.permission.READ_LOGS
ADDED from src\main\AndroidManifest.xml:104:5-68
	android:name
		ADDED from src\main\AndroidManifest.xml:104:22-65
uses-permission#android.permission.RECEIVE_BOOT_COMPLETED
ADDED from src\main\AndroidManifest.xml:146:5-81
	android:name
		ADDED from src\main\AndroidManifest.xml:146:22-78
uses-permission#getui.permission.GetuiService
ADDED from src\main\AndroidManifest.xml:151:5-69
	android:name
		ADDED from src\main\AndroidManifest.xml:151:22-66
uses-permission#android.permission.ACCESS_MOCK_LOCATION
ADDED from src\main\AndroidManifest.xml:166:5-79
	android:name
		ADDED from src\main\AndroidManifest.xml:166:22-76
uses-permission#android.permission.CHANGE_NETWORK_STATE
ADDED from src\main\AndroidManifest.xml:179:5-79
	android:name
		ADDED from src\main\AndroidManifest.xml:179:22-76
uses-permission#android.permission.RECEIVE_USER_PRESENT
ADDED from src\main\AndroidManifest.xml:188:5-79
	android:name
		ADDED from src\main\AndroidManifest.xml:188:22-76
application
ADDED from src\main\AndroidManifest.xml:196:5-527:19
	android:label
		ADDED from src\main\AndroidManifest.xml:200:9-41
	android:icon
		ADDED from src\main\AndroidManifest.xml:198:9-38
	android:theme
		ADDED from src\main\AndroidManifest.xml:201:9-43
	android:largeHeap
		ADDED from src\main\AndroidManifest.xml:199:9-33
	android:allowClearUserData
		ADDED from src\main\AndroidManifest.xml:197:9-42
activity#io.dcloud.PandoraEntry
ADDED from src\main\AndroidManifest.xml:202:9-214:20
	android:windowSoftInputMode
		ADDED from src\main\AndroidManifest.xml:208:13-55
	android:screenOrientation
		ADDED from src\main\AndroidManifest.xml:207:13-45
	android:label
		ADDED from src\main\AndroidManifest.xml:205:13-45
	android:configChanges
		ADDED from src\main\AndroidManifest.xml:204:13-63
	android:name
		ADDED from src\main\AndroidManifest.xml:203:13-50
	android:launchMode
		ADDED from src\main\AndroidManifest.xml:206:13-44
intent-filter#android.intent.action.MAIN+android.intent.category.LAUNCHER
ADDED from src\main\AndroidManifest.xml:209:13-213:29
action#android.intent.action.MAIN
ADDED from src\main\AndroidManifest.xml:210:17-69
	android:name
		ADDED from src\main\AndroidManifest.xml:210:25-66
category#android.intent.category.LAUNCHER
ADDED from src\main\AndroidManifest.xml:212:17-77
	android:name
		ADDED from src\main\AndroidManifest.xml:212:27-74
activity#io.dcloud.PandoraEntryActivity
ADDED from src\main\AndroidManifest.xml:215:9-224:20
	android:windowSoftInputMode
		ADDED from src\main\AndroidManifest.xml:223:13-55
	android:screenOrientation
		ADDED from src\main\AndroidManifest.xml:221:13-45
	android:label
		ADDED from src\main\AndroidManifest.xml:219:13-36
	android:configChanges
		ADDED from src\main\AndroidManifest.xml:217:13-74
	android:theme
		ADDED from src\main\AndroidManifest.xml:222:13-47
	android:hardwareAccelerated
		ADDED from src\main\AndroidManifest.xml:218:13-47
	android:name
		ADDED from src\main\AndroidManifest.xml:216:13-58
	android:launchMode
		ADDED from src\main\AndroidManifest.xml:220:13-44
service#io.dcloud.common.adapter.io.MiniServerService
ADDED from src\main\AndroidManifest.xml:226:9-228:39
	android:exported
		ADDED from src\main\AndroidManifest.xml:228:13-36
	android:name
		ADDED from src\main\AndroidManifest.xml:227:13-73
activity#io.dcloud.imagepick.CustomGalleryActivity
ADDED from src\main\AndroidManifest.xml:230:9-237:20
	android:name
		ADDED from src\main\AndroidManifest.xml:230:19-75
intent-filter#android.intent.category.DEFAULT+io.dcloud.ACTION_MULTIPLE_PICK+io.dcloud.ACTION_PICK
ADDED from src\main\AndroidManifest.xml:231:13-236:29
action#io.dcloud.ACTION_PICK
ADDED from src\main\AndroidManifest.xml:232:17-64
	android:name
		ADDED from src\main\AndroidManifest.xml:232:25-61
action#io.dcloud.ACTION_MULTIPLE_PICK
ADDED from src\main\AndroidManifest.xml:233:17-73
	android:name
		ADDED from src\main\AndroidManifest.xml:233:25-70
category#android.intent.category.DEFAULT
ADDED from src\main\AndroidManifest.xml:235:17-76
	android:name
		ADDED from src\main\AndroidManifest.xml:235:27-73
meta-data#UMENG_APPKEY
ADDED from src\main\AndroidManifest.xml:243:9-245:46
	android:name
		ADDED from src\main\AndroidManifest.xml:244:13-40
	android:value
		ADDED from src\main\AndroidManifest.xml:245:13-43
meta-data#UMENG_CHANNEL
ADDED from src\main\AndroidManifest.xml:246:9-248:42
	android:name
		ADDED from src\main\AndroidManifest.xml:247:13-41
	android:value
		ADDED from src\main\AndroidManifest.xml:248:13-39
meta-data#com.baidu.lbsapi.API_KEY
ADDED from src\main\AndroidManifest.xml:254:9-257:21
	android:name
		ADDED from src\main\AndroidManifest.xml:255:13-52
	android:value
		ADDED from src\main\AndroidManifest.xml:256:13-53
service#com.baidu.location.f
ADDED from src\main\AndroidManifest.xml:259:9-263:19
	android:process
		ADDED from src\main\AndroidManifest.xml:262:13-38
	android:enabled
		ADDED from src\main\AndroidManifest.xml:261:13-35
	android:name
		ADDED from src\main\AndroidManifest.xml:260:13-48
meta-data#com.amap.api.v2.apikey
ADDED from src\main\AndroidManifest.xml:268:9-270:48
	android:name
		ADDED from src\main\AndroidManifest.xml:269:13-50
	android:value
		ADDED from src\main\AndroidManifest.xml:270:13-45
meta-data#QQ_APPID
ADDED from src\main\AndroidManifest.xml:275:9-277:39
	android:name
		ADDED from src\main\AndroidManifest.xml:276:13-36
	android:value
		ADDED from src\main\AndroidManifest.xml:277:13-36
activity#com.tencent.tauth.AuthActivity
ADDED from src\main\AndroidManifest.xml:279:9-291:20
	android:noHistory
		ADDED from src\main\AndroidManifest.xml:282:13-37
	android:name
		ADDED from src\main\AndroidManifest.xml:280:13-58
	android:launchMode
		ADDED from src\main\AndroidManifest.xml:281:13-44
intent-filter#android.intent.action.VIEW+android.intent.category.BROWSABLE+android.intent.category.DEFAULT
ADDED from src\main\AndroidManifest.xml:283:13-290:29
action#android.intent.action.VIEW
ADDED from src\main\AndroidManifest.xml:284:17-69
	android:name
		ADDED from src\main\AndroidManifest.xml:284:25-66
category#android.intent.category.BROWSABLE
ADDED from src\main\AndroidManifest.xml:287:17-78
	android:name
		ADDED from src\main\AndroidManifest.xml:287:27-75
data
ADDED from src\main\AndroidManifest.xml:289:17-50
	android:scheme
		ADDED from src\main\AndroidManifest.xml:289:23-47
activity#com.tencent.connect.common.AssistActivity
ADDED from src\main\AndroidManifest.xml:292:9-295:75
	android:screenOrientation
		ADDED from src\main\AndroidManifest.xml:294:13-49
	android:theme
		ADDED from src\main\AndroidManifest.xml:295:13-72
	android:name
		ADDED from src\main\AndroidManifest.xml:293:13-69
meta-data#IFLY_APPKEY
ADDED from src\main\AndroidManifest.xml:322:9-324:40
	android:name
		ADDED from src\main\AndroidManifest.xml:323:13-39
	android:value
		ADDED from src\main\AndroidManifest.xml:324:13-37
meta-data#PUSH_APPID
ADDED from src\main\AndroidManifest.xml:335:9-337:54
	android:name
		ADDED from src\main\AndroidManifest.xml:336:13-38
	android:value
		ADDED from src\main\AndroidManifest.xml:337:13-51
meta-data#PUSH_APPKEY
ADDED from src\main\AndroidManifest.xml:338:9-340:54
	android:name
		ADDED from src\main\AndroidManifest.xml:339:13-39
	android:value
		ADDED from src\main\AndroidManifest.xml:340:13-51
meta-data#PUSH_APPSECRET
ADDED from src\main\AndroidManifest.xml:341:9-343:54
	android:name
		ADDED from src\main\AndroidManifest.xml:342:13-42
	android:value
		ADDED from src\main\AndroidManifest.xml:343:13-51
service#com.igexin.sdk.PushService
ADDED from src\main\AndroidManifest.xml:347:9-352:19
	android:label
		ADDED from src\main\AndroidManifest.xml:350:13-47
	android:process
		ADDED from src\main\AndroidManifest.xml:351:13-43
	android:exported
		ADDED from src\main\AndroidManifest.xml:349:13-36
	android:name
		ADDED from src\main\AndroidManifest.xml:348:13-54
receiver#com.igexin.sdk.PushReceiver
ADDED from src\main\AndroidManifest.xml:354:9-361:20
	android:name
		ADDED from src\main\AndroidManifest.xml:354:19-61
intent-filter#android.intent.action.BOOT_COMPLETED+android.intent.action.USER_PRESENT+android.net.conn.CONNECTIVITY_CHANGE+com.igexin.sdk.action.refreshls
ADDED from src\main\AndroidManifest.xml:355:13-360:29
action#android.intent.action.BOOT_COMPLETED
ADDED from src\main\AndroidManifest.xml:356:17-79
	android:name
		ADDED from src\main\AndroidManifest.xml:356:25-76
action#android.net.conn.CONNECTIVITY_CHANGE
ADDED from src\main\AndroidManifest.xml:357:17-79
	android:name
		ADDED from src\main\AndroidManifest.xml:357:25-76
action#android.intent.action.USER_PRESENT
ADDED from src\main\AndroidManifest.xml:358:17-77
	android:name
		ADDED from src\main\AndroidManifest.xml:358:25-74
action#com.igexin.sdk.action.refreshls
ADDED from src\main\AndroidManifest.xml:359:17-74
	android:name
		ADDED from src\main\AndroidManifest.xml:359:25-71
receiver#com.igexin.sdk.PushManagerReceiver
ADDED from src\main\AndroidManifest.xml:362:9-368:20
	android:exported
		ADDED from src\main\AndroidManifest.xml:364:13-37
	android:name
		ADDED from src\main\AndroidManifest.xml:363:13-62
intent-filter#com.igexin.sdk.action.pushmanager
ADDED from src\main\AndroidManifest.xml:365:13-367:29
action#com.igexin.sdk.action.pushmanager
ADDED from src\main\AndroidManifest.xml:366:17-76
	android:name
		ADDED from src\main\AndroidManifest.xml:366:25-73
activity#com.igexin.sdk.PushActivity
ADDED from src\main\AndroidManifest.xml:370:9-377:20
	android:theme
		ADDED from src\main\AndroidManifest.xml:376:13-72
	android:process
		ADDED from src\main\AndroidManifest.xml:374:13-43
	android:exported
		ADDED from src\main\AndroidManifest.xml:373:13-37
	android:excludeFromRecents
		ADDED from src\main\AndroidManifest.xml:372:13-46
	android:taskAffinity
		ADDED from src\main\AndroidManifest.xml:375:13-67
	android:name
		ADDED from src\main\AndroidManifest.xml:371:13-55
service#com.igexin.download.DownloadService
ADDED from src\main\AndroidManifest.xml:379:9-381:46
	android:process
		ADDED from src\main\AndroidManifest.xml:381:13-43
	android:name
		ADDED from src\main\AndroidManifest.xml:380:13-63
receiver#com.igexin.download.DownloadReceiver
ADDED from src\main\AndroidManifest.xml:383:9-387:20
	android:name
		ADDED from src\main\AndroidManifest.xml:383:19-70
intent-filter#android.net.conn.CONNECTIVITY_CHANGE
ADDED from src\main\AndroidManifest.xml:384:13-386:29
provider#com.igexin.download.DownloadProvider
ADDED from src\main\AndroidManifest.xml:389:9-392:46
	android:process
		ADDED from src\main\AndroidManifest.xml:392:13-43
	android:authorities
		ADDED from src\main\AndroidManifest.xml:391:13-69
	android:name
		ADDED from src\main\AndroidManifest.xml:390:13-64
activity#com.igexin.getuiext.activity.GetuiExtActivity
ADDED from src\main\AndroidManifest.xml:394:9-401:75
	android:configChanges
		ADDED from src\main\AndroidManifest.xml:396:13-72
	android:theme
		ADDED from src\main\AndroidManifest.xml:401:13-72
	android:process
		ADDED from src\main\AndroidManifest.xml:399:13-43
	android:exported
		ADDED from src\main\AndroidManifest.xml:398:13-37
	android:excludeFromRecents
		ADDED from src\main\AndroidManifest.xml:397:13-46
	android:taskAffinity
		ADDED from src\main\AndroidManifest.xml:400:13-62
	android:name
		ADDED from src\main\AndroidManifest.xml:395:13-73
receiver#com.igexin.getuiext.service.PayloadReceiver
ADDED from src\main\AndroidManifest.xml:403:9-416:20
	android:exported
		ADDED from src\main\AndroidManifest.xml:405:13-37
	android:name
		ADDED from src\main\AndroidManifest.xml:404:13-71
intent-filter#com.igexin.sdk.action.7fjUl2Z3LH6xYy7NQK4ni4+com.igexin.sdk.action.bBPiGM1VQ66mhMI3d9tG0A
ADDED from src\main\AndroidManifest.xml:406:13-415:29
action#com.igexin.sdk.action.7fjUl2Z3LH6xYy7NQK4ni4
ADDED from src\main\AndroidManifest.xml:410:17-87
	android:name
		ADDED from src\main\AndroidManifest.xml:410:25-84
action#com.igexin.sdk.action.bBPiGM1VQ66mhMI3d9tG0A
ADDED from src\main\AndroidManifest.xml:414:17-87
	android:name
		ADDED from src\main\AndroidManifest.xml:414:25-84
service#com.igexin.getuiext.service.GetuiExtService
ADDED from src\main\AndroidManifest.xml:418:9-420:46
	android:process
		ADDED from src\main\AndroidManifest.xml:420:13-43
	android:name
		ADDED from src\main\AndroidManifest.xml:419:13-71
receiver#io.dcloud.feature.apsGt.PushMessageReceiver
ADDED from src\main\AndroidManifest.xml:422:9-429:20
	android:name
		ADDED from src\main\AndroidManifest.xml:422:19-77
intent-filter#com.igexin.sdk.action.bBPiGM1VQ66mhMI3d9tG0A
ADDED from src\main\AndroidManifest.xml:426:13-428:29
receiver#io.dcloud.feature.aps.NotificationReceiver
ADDED from src\main\AndroidManifest.xml:430:9-441:20
	android:name
		ADDED from src\main\AndroidManifest.xml:430:19-76
intent-filter#android.intent.action.BOOT_COMPLETED+io.dcloud.HBuilder.Hello.__CLEAR_NOTIFICATION+io.dcloud.HBuilder.Hello.__CLILK_NOTIFICATION+io.dcloud.HBuilder.Hello.__CREATE_NOTIFICATION+io.dcloud.HBuilder.Hello.__REMOVE_NOTIFICATION
ADDED from src\main\AndroidManifest.xml:434:13-440:29
action#io.dcloud.HBuilder.Hello.__CREATE_NOTIFICATION
ADDED from src\main\AndroidManifest.xml:436:17-89
	android:name
		ADDED from src\main\AndroidManifest.xml:436:25-86
action#io.dcloud.HBuilder.Hello.__REMOVE_NOTIFICATION
ADDED from src\main\AndroidManifest.xml:437:17-89
	android:name
		ADDED from src\main\AndroidManifest.xml:437:25-86
action#io.dcloud.HBuilder.Hello.__CLEAR_NOTIFICATION
ADDED from src\main\AndroidManifest.xml:438:17-88
	android:name
		ADDED from src\main\AndroidManifest.xml:438:25-85
action#io.dcloud.HBuilder.Hello.__CLILK_NOTIFICATION
ADDED from src\main\AndroidManifest.xml:439:17-88
	android:name
		ADDED from src\main\AndroidManifest.xml:439:25-85
meta-data#SINA_REDIRECT_URI
ADDED from src\main\AndroidManifest.xml:449:9-451:53
	android:name
		ADDED from src\main\AndroidManifest.xml:450:13-45
	android:value
		ADDED from src\main\AndroidManifest.xml:451:13-50
meta-data#SINA_SECRET
ADDED from src\main\AndroidManifest.xml:452:9-454:53
	android:name
		ADDED from src\main\AndroidManifest.xml:453:13-39
	android:value
		ADDED from src\main\AndroidManifest.xml:454:13-50
meta-data#SINA_APPKEY
ADDED from src\main\AndroidManifest.xml:455:9-457:65
	android:name
		ADDED from src\main\AndroidManifest.xml:456:13-39
	android:value
		ADDED from src\main\AndroidManifest.xml:457:13-62
activity#io.dcloud.share.tencent.WebAuthorize
ADDED from src\main\AndroidManifest.xml:459:9-462:20
	android:theme
		ADDED from src\main\AndroidManifest.xml:461:13-60
	android:name
		ADDED from src\main\AndroidManifest.xml:460:13-64
meta-data#TENCENT_REDIRECT_URI
ADDED from src\main\AndroidManifest.xml:466:9-468:53
	android:name
		ADDED from src\main\AndroidManifest.xml:467:13-48
	android:value
		ADDED from src\main\AndroidManifest.xml:468:13-50
meta-data#TENCENT_SECRET
ADDED from src\main\AndroidManifest.xml:469:9-471:53
	android:name
		ADDED from src\main\AndroidManifest.xml:470:13-42
	android:value
		ADDED from src\main\AndroidManifest.xml:471:13-50
meta-data#TENCENT_APPKEY
ADDED from src\main\AndroidManifest.xml:472:9-474:65
	android:name
		ADDED from src\main\AndroidManifest.xml:473:13-42
	android:value
		ADDED from src\main\AndroidManifest.xml:474:13-62
meta-data#WX_SECRET
ADDED from src\main\AndroidManifest.xml:477:9-479:64
	android:name
		ADDED from src\main\AndroidManifest.xml:478:13-37
	android:value
		ADDED from src\main\AndroidManifest.xml:479:13-61
meta-data#WX_APPID
ADDED from src\main\AndroidManifest.xml:480:9-482:50
	android:name
		ADDED from src\main\AndroidManifest.xml:481:13-36
	android:value
		ADDED from src\main\AndroidManifest.xml:482:13-47
activity#io.dcloud.HBuilder.Hello.wxapi.WXEntryActivity
ADDED from src\main\AndroidManifest.xml:484:9-497:20
	android:label
		ADDED from src\main\AndroidManifest.xml:487:13-45
	android:theme
		ADDED from src\main\AndroidManifest.xml:488:13-72
	android:exported
		ADDED from src\main\AndroidManifest.xml:486:13-36
	android:name
		ADDED from src\main\AndroidManifest.xml:485:13-74
	android:launchMode
		ADDED from src\main\AndroidManifest.xml:489:13-43
intent-filter#android.intent.action.VIEW+android.intent.category.DEFAULT
ADDED from src\main\AndroidManifest.xml:490:13-496:29
activity#com.alipay.sdk.app.H5PayActivity
ADDED from src\main\AndroidManifest.xml:500:9-506:20
	android:windowSoftInputMode
		ADDED from src\main\AndroidManifest.xml:505:13-67
	android:screenOrientation
		ADDED from src\main\AndroidManifest.xml:504:13-47
	android:configChanges
		ADDED from src\main\AndroidManifest.xml:502:13-74
	android:exported
		ADDED from src\main\AndroidManifest.xml:503:13-37
	android:name
		ADDED from src\main\AndroidManifest.xml:501:13-60
activity#com.alipay.sdk.auth.AuthActivity
ADDED from src\main\AndroidManifest.xml:507:9-512:20
	android:screenOrientation
		ADDED from src\main\AndroidManifest.xml:511:13-47
	android:configChanges
		ADDED from src\main\AndroidManifest.xml:509:13-74
	android:exported
		ADDED from src\main\AndroidManifest.xml:510:13-37
	android:name
		ADDED from src\main\AndroidManifest.xml:508:13-60
activity#io.dcloud.HBuilder.Hello.wxapi.WXPayEntryActivity
ADDED from src\main\AndroidManifest.xml:517:9-521:46
	android:theme
		ADDED from src\main\AndroidManifest.xml:520:13-72
	android:exported
		ADDED from src\main\AndroidManifest.xml:519:13-36
	android:name
		ADDED from src\main\AndroidManifest.xml:518:13-77
	android:launchMode
		ADDED from src\main\AndroidManifest.xml:521:13-43